build/app/intermediates/manifest_merge_blame_file/debug/manifest-merger-blame-debug-report.txt
1<?xml version="1.0" encoding="utf-8"?>
2<manifest xmlns:android="http://schemas.android.com/apk/res/android"
3    package="com.example.app_auth"
4    android:versionCode="1"
5    android:versionName="1.0.0" >
6
7    <uses-sdk
8        android:minSdkVersion="20"
9        android:targetSdkVersion="33" />
10    <!--
11         The INTERNET permission is required for development. Specifically,
12         the Flutter tool needs it to communicate with the running application
13         to allow setting breakpoints, to provide hot reload, etc.
14    -->
15    <uses-permission android:name="android.permission.INTERNET" />
15-->src\debug\AndroidManifest.xml:7:5-66
15-->src\debug\AndroidManifest.xml:7:22-64
16    <uses-permission android:name="android.permission.ACCESS_FINE_LOCATION" />
16-->src\main\AndroidManifest.xml:3:5-79
16-->src\main\AndroidManifest.xml:3:22-76
17    <uses-permission android:name="android.permission.ACCESS_COARSE_LOCATION" />
17-->src\main\AndroidManifest.xml:4:5-81
17-->src\main\AndroidManifest.xml:4:22-78
18    <uses-permission android:name="android.permission.WAKE_LOCK" />
18-->[:firebase_messaging] AndroidManifest.xml:10:5-68
18-->[:firebase_messaging] AndroidManifest.xml:10:22-65
19    <uses-permission android:name="android.permission.ACCESS_NETWORK_STATE" /> <!-- Permissions options for the `notification` group -->
19-->[:firebase_messaging] AndroidManifest.xml:11:5-79
19-->[:firebase_messaging] AndroidManifest.xml:11:22-76
20    <uses-permission android:name="android.permission.POST_NOTIFICATIONS" />
20-->[:firebase_messaging] AndroidManifest.xml:13:5-77
20-->[:firebase_messaging] AndroidManifest.xml:13:22-74
21    <uses-permission android:name="android.permission.READ_EXTERNAL_STORAGE" />
21-->[:file_picker] AndroidManifest.xml:9:5-80
21-->[:file_picker] AndroidManifest.xml:9:22-77
22
23    <queries>
23-->[:file_picker] AndroidManifest.xml:11:5-17:15
24        <intent>
24-->[:file_picker] AndroidManifest.xml:12:9-16:18
25            <action android:name="android.intent.action.GET_CONTENT" />
25-->[:file_picker] AndroidManifest.xml:13:13-72
25-->[:file_picker] AndroidManifest.xml:13:21-69
26
27            <data android:mimeType="*/*" />
27-->[:file_picker] AndroidManifest.xml:15:13-44
27-->[:file_picker] AndroidManifest.xml:15:19-41
28        </intent>
29        <!-- Needs to be explicitly declared on Android R+ -->
30        <package android:name="com.google.android.apps.maps" />
30-->[com.google.android.gms:play-services-maps:18.1.0] AndroidManifest.xml:33:9-64
30-->[com.google.android.gms:play-services-maps:18.1.0] AndroidManifest.xml:33:18-61
31
32        <intent>
32-->[androidx.media2:media2-session:1.2.1] AndroidManifest.xml:25:9-27:18
33            <action android:name="android.media.browse.MediaBrowserService" />
33-->[androidx.media2:media2-session:1.2.1] AndroidManifest.xml:26:13-79
33-->[androidx.media2:media2-session:1.2.1] AndroidManifest.xml:26:21-76
34        </intent>
35        <intent>
35-->[androidx.media2:media2-session:1.2.1] AndroidManifest.xml:28:9-30:18
36            <action android:name="androidx.media2.session.MediaSessionService" />
36-->[androidx.media2:media2-session:1.2.1] AndroidManifest.xml:29:13-82
36-->[androidx.media2:media2-session:1.2.1] AndroidManifest.xml:29:21-79
37        </intent>
38        <intent>
38-->[androidx.media2:media2-session:1.2.1] AndroidManifest.xml:31:9-33:18
39            <action android:name="androidx.media2.session.MediaLibraryService" />
39-->[androidx.media2:media2-session:1.2.1] AndroidManifest.xml:32:13-82
39-->[androidx.media2:media2-session:1.2.1] AndroidManifest.xml:32:21-79
40        </intent>
41    </queries>
42
43    <uses-permission android:name="android.permission.RECEIVE_BOOT_COMPLETED" />
43-->[:flutter_local_notifications] AndroidManifest.xml:9:5-81
43-->[:flutter_local_notifications] AndroidManifest.xml:9:22-78
44    <uses-permission android:name="android.permission.VIBRATE" />
44-->[:flutter_local_notifications] AndroidManifest.xml:10:5-66
44-->[:flutter_local_notifications] AndroidManifest.xml:10:22-63
45    <uses-permission android:name="android.permission.USE_FULL_SCREEN_INTENT" />
45-->[:flutter_local_notifications] AndroidManifest.xml:11:5-81
45-->[:flutter_local_notifications] AndroidManifest.xml:11:22-78
46    <uses-permission android:name="android.permission.SCHEDULE_EXACT_ALARM" />
46-->[:flutter_local_notifications] AndroidManifest.xml:12:5-79
46-->[:flutter_local_notifications] AndroidManifest.xml:12:22-76
47
48    <uses-feature
48-->[com.google.android.gms:play-services-maps:18.1.0] AndroidManifest.xml:26:5-28:35
49        android:glEsVersion="0x00020000"
49-->[com.google.android.gms:play-services-maps:18.1.0] AndroidManifest.xml:27:9-41
50        android:required="true" /> <!-- Required by older versions of Google Play services to create IID tokens -->
50-->[com.google.android.gms:play-services-maps:18.1.0] AndroidManifest.xml:28:9-32
51    <uses-permission android:name="com.google.android.c2dm.permission.RECEIVE" />
51-->[com.google.firebase:firebase-iid:21.1.0] AndroidManifest.xml:26:5-82
51-->[com.google.firebase:firebase-iid:21.1.0] AndroidManifest.xml:26:22-79
52
53    <permission
53-->[androidx.core:core:1.10.1] AndroidManifest.xml:22:5-24:47
54        android:name="com.example.app_auth.DYNAMIC_RECEIVER_NOT_EXPORTED_PERMISSION"
54-->[androidx.core:core:1.10.1] AndroidManifest.xml:23:9-81
55        android:protectionLevel="signature" />
55-->[androidx.core:core:1.10.1] AndroidManifest.xml:24:9-44
56
57    <uses-permission android:name="com.example.app_auth.DYNAMIC_RECEIVER_NOT_EXPORTED_PERMISSION" />
57-->[androidx.core:core:1.10.1] AndroidManifest.xml:26:5-97
57-->[androidx.core:core:1.10.1] AndroidManifest.xml:26:22-94
58
59    <application
60        android:name="android.app.Application"
61        android:appComponentFactory="androidx.core.app.CoreComponentFactory"
61-->[androidx.core:core:1.10.1] AndroidManifest.xml:28:18-86
62        android:debuggable="true"
63        android:icon="@mipmap/ic_launcher"
64        android:label="app_auth" >
65        <meta-data
66            android:name="com.google.android.geo.API_KEY"
67            android:value="AIzaSyANuxW3xZYTWz3j5uiMxUENcL0rh6PGlzk" />
68
69        <activity
70            android:name="com.example.app_auth.MainActivity"
71            android:configChanges="orientation|keyboardHidden|keyboard|screenSize|smallestScreenSize|locale|layoutDirection|fontScale|screenLayout|density|uiMode"
72            android:exported="true"
73            android:hardwareAccelerated="true"
74            android:launchMode="singleTop"
75            android:theme="@style/LaunchTheme"
76            android:windowSoftInputMode="adjustResize" >
77
78            <!--
79                 Specifies an Android theme to apply to this Activity as soon as
80                 the Android process has started. This theme is visible to the user
81                 while the Flutter UI initializes. After that, this theme continues
82                 to determine the Window background behind the Flutter UI.
83            -->
84            <meta-data
85                android:name="io.flutter.embedding.android.NormalTheme"
86                android:resource="@style/NormalTheme" />
87
88            <intent-filter>
89                <action android:name="android.intent.action.MAIN" />
90
91                <category android:name="android.intent.category.LAUNCHER" />
92            </intent-filter>
93        </activity>
94        <!--
95             Don't delete the meta-data below.
96             This is used by the Flutter tool to generate GeneratedPluginRegistrant.java
97        -->
98        <meta-data
99            android:name="flutterEmbedding"
100            android:value="2" />
101        <meta-data
102            android:name="firebase_messaging_auto_init_enabled"
103            android:value="false" />
104        <meta-data
105            android:name="firebase_analytics_collection_enabled"
106            android:value="false" />
107
108        <service
108-->[:cloud_firestore] AndroidManifest.xml:10:9-14:19
109            android:name="com.google.firebase.components.ComponentDiscoveryService"
109-->[:cloud_firestore] AndroidManifest.xml:10:18-89
110            android:directBootAware="true"
110-->[com.google.firebase:firebase-common:20.3.3] AndroidManifest.xml:34:13-43
111            android:exported="false" >
111-->[com.google.firebase:firebase-auth:22.1.0] AndroidManifest.xml:68:13-37
112            <meta-data
112-->[:cloud_firestore] AndroidManifest.xml:11:13-13:85
113                android:name="com.google.firebase.components:io.flutter.plugins.firebase.firestore.FlutterFirebaseFirestoreRegistrar"
113-->[:cloud_firestore] AndroidManifest.xml:12:17-134
114                android:value="com.google.firebase.components.ComponentRegistrar" />
114-->[:cloud_firestore] AndroidManifest.xml:13:17-82
115            <meta-data
115-->[:firebase_auth] AndroidManifest.xml:11:13-13:85
116                android:name="com.google.firebase.components:io.flutter.plugins.firebase.auth.FlutterFirebaseAuthRegistrar"
116-->[:firebase_auth] AndroidManifest.xml:12:17-124
117                android:value="com.google.firebase.components.ComponentRegistrar" />
117-->[:firebase_auth] AndroidManifest.xml:13:17-82
118            <meta-data
118-->[:firebase_storage] AndroidManifest.xml:11:13-13:85
119                android:name="com.google.firebase.components:io.flutter.plugins.firebase.storage.FlutterFirebaseAppRegistrar"
119-->[:firebase_storage] AndroidManifest.xml:12:17-126
120                android:value="com.google.firebase.components.ComponentRegistrar" />
120-->[:firebase_storage] AndroidManifest.xml:13:17-82
121            <meta-data
121-->[:firebase_messaging] AndroidManifest.xml:38:13-40:85
122                android:name="com.google.firebase.components:io.flutter.plugins.firebase.messaging.FlutterFirebaseAppRegistrar"
122-->[:firebase_messaging] AndroidManifest.xml:39:17-128
123                android:value="com.google.firebase.components.ComponentRegistrar" />
123-->[:firebase_messaging] AndroidManifest.xml:40:17-82
124            <meta-data
124-->[:firebase_core] AndroidManifest.xml:11:13-13:85
125                android:name="com.google.firebase.components:io.flutter.plugins.firebase.core.FlutterFirebaseCoreRegistrar"
125-->[:firebase_core] AndroidManifest.xml:12:17-124
126                android:value="com.google.firebase.components.ComponentRegistrar" />
126-->[:firebase_core] AndroidManifest.xml:13:17-82
127            <meta-data
127-->[com.google.firebase:firebase-auth:22.1.0] AndroidManifest.xml:69:13-71:85
128                android:name="com.google.firebase.components:com.google.firebase.auth.FirebaseAuthRegistrar"
128-->[com.google.firebase:firebase-auth:22.1.0] AndroidManifest.xml:70:17-109
129                android:value="com.google.firebase.components.ComponentRegistrar" />
129-->[com.google.firebase:firebase-auth:22.1.0] AndroidManifest.xml:71:17-82
130            <meta-data
130-->[com.google.firebase:firebase-iid:21.1.0] AndroidManifest.xml:32:13-34:85
131                android:name="com.google.firebase.components:com.google.firebase.iid.Registrar"
131-->[com.google.firebase:firebase-iid:21.1.0] AndroidManifest.xml:33:17-96
132                android:value="com.google.firebase.components.ComponentRegistrar" />
132-->[com.google.firebase:firebase-iid:21.1.0] AndroidManifest.xml:34:17-82
133            <meta-data
133-->[com.google.firebase:firebase-firestore:24.7.0] AndroidManifest.xml:19:13-21:85
134                android:name="com.google.firebase.components:com.google.firebase.firestore.FirestoreRegistrar"
134-->[com.google.firebase:firebase-firestore:24.7.0] AndroidManifest.xml:20:17-111
135                android:value="com.google.firebase.components.ComponentRegistrar" />
135-->[com.google.firebase:firebase-firestore:24.7.0] AndroidManifest.xml:21:17-82
136            <meta-data
136-->[com.google.firebase:firebase-messaging:23.2.0] AndroidManifest.xml:55:13-57:85
137                android:name="com.google.firebase.components:com.google.firebase.messaging.FirebaseMessagingRegistrar"
137-->[com.google.firebase:firebase-messaging:23.2.0] AndroidManifest.xml:56:17-119
138                android:value="com.google.firebase.components.ComponentRegistrar" />
138-->[com.google.firebase:firebase-messaging:23.2.0] AndroidManifest.xml:57:17-82
139            <meta-data
139-->[com.google.firebase:firebase-storage:20.2.1] AndroidManifest.xml:32:13-34:85
140                android:name="com.google.firebase.components:com.google.firebase.storage.StorageRegistrar"
140-->[com.google.firebase:firebase-storage:20.2.1] AndroidManifest.xml:33:17-107
141                android:value="com.google.firebase.components.ComponentRegistrar" />
141-->[com.google.firebase:firebase-storage:20.2.1] AndroidManifest.xml:34:17-82
142            <meta-data
142-->[com.google.firebase:firebase-installations:17.1.3] AndroidManifest.xml:17:13-19:85
143                android:name="com.google.firebase.components:com.google.firebase.installations.FirebaseInstallationsRegistrar"
143-->[com.google.firebase:firebase-installations:17.1.3] AndroidManifest.xml:18:17-127
144                android:value="com.google.firebase.components.ComponentRegistrar" />
144-->[com.google.firebase:firebase-installations:17.1.3] AndroidManifest.xml:19:17-82
145            <meta-data
145-->[com.google.firebase:firebase-datatransport:18.1.7] AndroidManifest.xml:27:13-29:85
146                android:name="com.google.firebase.components:com.google.firebase.datatransport.TransportRegistrar"
146-->[com.google.firebase:firebase-datatransport:18.1.7] AndroidManifest.xml:28:17-115
147                android:value="com.google.firebase.components.ComponentRegistrar" />
147-->[com.google.firebase:firebase-datatransport:18.1.7] AndroidManifest.xml:29:17-82
148        </service>
149        <service
149-->[:firebase_messaging] AndroidManifest.xml:16:9-19:72
150            android:name="io.flutter.plugins.firebase.messaging.FlutterFirebaseMessagingBackgroundService"
150-->[:firebase_messaging] AndroidManifest.xml:17:13-107
151            android:exported="false"
151-->[:firebase_messaging] AndroidManifest.xml:18:13-37
152            android:permission="android.permission.BIND_JOB_SERVICE" />
152-->[:firebase_messaging] AndroidManifest.xml:19:13-69
153        <service
153-->[:firebase_messaging] AndroidManifest.xml:20:9-26:19
154            android:name="io.flutter.plugins.firebase.messaging.FlutterFirebaseMessagingService"
154-->[:firebase_messaging] AndroidManifest.xml:21:13-97
155            android:exported="false" >
155-->[:firebase_messaging] AndroidManifest.xml:22:13-37
156            <intent-filter>
156-->[:firebase_messaging] AndroidManifest.xml:23:13-25:29
157                <action android:name="com.google.firebase.MESSAGING_EVENT" />
157-->[:firebase_messaging] AndroidManifest.xml:24:17-78
157-->[:firebase_messaging] AndroidManifest.xml:24:25-75
158            </intent-filter>
159        </service>
160
161        <receiver
161-->[:firebase_messaging] AndroidManifest.xml:28:9-35:20
162            android:name="io.flutter.plugins.firebase.messaging.FlutterFirebaseMessagingReceiver"
162-->[:firebase_messaging] AndroidManifest.xml:29:13-98
163            android:exported="true"
163-->[:firebase_messaging] AndroidManifest.xml:30:13-36
164            android:permission="com.google.android.c2dm.permission.SEND" >
164-->[:firebase_messaging] AndroidManifest.xml:31:13-73
165            <intent-filter>
165-->[:firebase_messaging] AndroidManifest.xml:32:13-34:29
166                <action android:name="com.google.android.c2dm.intent.RECEIVE" />
166-->[:firebase_messaging] AndroidManifest.xml:33:17-81
166-->[:firebase_messaging] AndroidManifest.xml:33:25-78
167            </intent-filter>
168        </receiver>
169
170        <provider
170-->[:firebase_messaging] AndroidManifest.xml:43:9-47:38
171            android:name="io.flutter.plugins.firebase.messaging.FlutterFirebaseMessagingInitProvider"
171-->[:firebase_messaging] AndroidManifest.xml:44:13-102
172            android:authorities="com.example.app_auth.flutterfirebasemessaginginitprovider"
172-->[:firebase_messaging] AndroidManifest.xml:45:13-88
173            android:exported="false"
173-->[:firebase_messaging] AndroidManifest.xml:46:13-37
174            android:initOrder="99" />
174-->[:firebase_messaging] AndroidManifest.xml:47:13-35
175        <provider
175-->[:image_picker_android] AndroidManifest.xml:10:9-18:20
176            android:name="io.flutter.plugins.imagepicker.ImagePickerFileProvider"
176-->[:image_picker_android] AndroidManifest.xml:11:13-82
177            android:authorities="com.example.app_auth.flutter.image_provider"
177-->[:image_picker_android] AndroidManifest.xml:12:13-74
178            android:exported="false"
178-->[:image_picker_android] AndroidManifest.xml:13:13-37
179            android:grantUriPermissions="true" >
179-->[:image_picker_android] AndroidManifest.xml:14:13-47
180            <meta-data
180-->[:image_picker_android] AndroidManifest.xml:15:13-17:75
181                android:name="android.support.FILE_PROVIDER_PATHS"
181-->[:image_picker_android] AndroidManifest.xml:16:17-67
182                android:resource="@xml/flutter_image_picker_file_paths" />
182-->[:image_picker_android] AndroidManifest.xml:17:17-72
183        </provider>
184
185        <receiver
185-->[:flutter_local_notifications] AndroidManifest.xml:16:9-18:40
186            android:name="com.dexterous.flutterlocalnotifications.ActionBroadcastReceiver"
186-->[:flutter_local_notifications] AndroidManifest.xml:17:13-91
187            android:exported="false" />
187-->[:flutter_local_notifications] AndroidManifest.xml:18:13-37
188        <receiver
188-->[:flutter_local_notifications] AndroidManifest.xml:19:9-21:40
189            android:name="com.dexterous.flutterlocalnotifications.ScheduledNotificationReceiver"
189-->[:flutter_local_notifications] AndroidManifest.xml:20:13-97
190            android:exported="false" />
190-->[:flutter_local_notifications] AndroidManifest.xml:21:13-37
191        <receiver
191-->[:flutter_local_notifications] AndroidManifest.xml:22:9-31:20
192            android:name="com.dexterous.flutterlocalnotifications.ScheduledNotificationBootReceiver"
192-->[:flutter_local_notifications] AndroidManifest.xml:23:13-101
193            android:exported="false" >
193-->[:flutter_local_notifications] AndroidManifest.xml:24:13-37
194            <intent-filter>
194-->[:flutter_local_notifications] AndroidManifest.xml:25:13-30:29
195                <action android:name="android.intent.action.BOOT_COMPLETED" />
195-->[:flutter_local_notifications] AndroidManifest.xml:26:17-79
195-->[:flutter_local_notifications] AndroidManifest.xml:26:25-76
196                <action android:name="android.intent.action.MY_PACKAGE_REPLACED" />
196-->[:flutter_local_notifications] AndroidManifest.xml:27:17-84
196-->[:flutter_local_notifications] AndroidManifest.xml:27:25-81
197                <action android:name="android.intent.action.QUICKBOOT_POWERON" />
197-->[:flutter_local_notifications] AndroidManifest.xml:28:17-82
197-->[:flutter_local_notifications] AndroidManifest.xml:28:25-79
198                <action android:name="com.htc.intent.action.QUICKBOOT_POWERON" />
198-->[:flutter_local_notifications] AndroidManifest.xml:29:17-82
198-->[:flutter_local_notifications] AndroidManifest.xml:29:25-79
199            </intent-filter>
200        </receiver>
201
202        <service
202-->[:location] AndroidManifest.xml:13:9-17:56
203            android:name="com.lyokone.location.FlutterLocationService"
203-->[:location] AndroidManifest.xml:14:13-71
204            android:enabled="true"
204-->[:location] AndroidManifest.xml:15:13-35
205            android:exported="false"
205-->[:location] AndroidManifest.xml:16:13-37
206            android:foregroundServiceType="location" />
206-->[:location] AndroidManifest.xml:17:13-53
207
208        <activity
208-->[com.google.firebase:firebase-auth:22.1.0] AndroidManifest.xml:29:9-46:20
209            android:name="com.google.firebase.auth.internal.GenericIdpActivity"
209-->[com.google.firebase:firebase-auth:22.1.0] AndroidManifest.xml:30:13-80
210            android:excludeFromRecents="true"
210-->[com.google.firebase:firebase-auth:22.1.0] AndroidManifest.xml:31:13-46
211            android:exported="true"
211-->[com.google.firebase:firebase-auth:22.1.0] AndroidManifest.xml:32:13-36
212            android:launchMode="singleTask"
212-->[com.google.firebase:firebase-auth:22.1.0] AndroidManifest.xml:33:13-44
213            android:theme="@android:style/Theme.Translucent.NoTitleBar" >
213-->[com.google.firebase:firebase-auth:22.1.0] AndroidManifest.xml:34:13-72
214            <intent-filter>
214-->[com.google.firebase:firebase-auth:22.1.0] AndroidManifest.xml:35:13-45:29
215                <action android:name="android.intent.action.VIEW" />
215-->[com.google.firebase:firebase-auth:22.1.0] AndroidManifest.xml:36:17-69
215-->[com.google.firebase:firebase-auth:22.1.0] AndroidManifest.xml:36:25-66
216
217                <category android:name="android.intent.category.DEFAULT" />
217-->[com.google.firebase:firebase-auth:22.1.0] AndroidManifest.xml:38:17-76
217-->[com.google.firebase:firebase-auth:22.1.0] AndroidManifest.xml:38:27-73
218                <category android:name="android.intent.category.BROWSABLE" />
218-->[com.google.firebase:firebase-auth:22.1.0] AndroidManifest.xml:39:17-78
218-->[com.google.firebase:firebase-auth:22.1.0] AndroidManifest.xml:39:27-75
219
220                <data
220-->[:file_picker] AndroidManifest.xml:15:13-44
221                    android:host="firebase.auth"
222                    android:path="/"
223                    android:scheme="genericidp" />
224            </intent-filter>
225        </activity>
226        <activity
226-->[com.google.firebase:firebase-auth:22.1.0] AndroidManifest.xml:47:9-64:20
227            android:name="com.google.firebase.auth.internal.RecaptchaActivity"
227-->[com.google.firebase:firebase-auth:22.1.0] AndroidManifest.xml:48:13-79
228            android:excludeFromRecents="true"
228-->[com.google.firebase:firebase-auth:22.1.0] AndroidManifest.xml:49:13-46
229            android:exported="true"
229-->[com.google.firebase:firebase-auth:22.1.0] AndroidManifest.xml:50:13-36
230            android:launchMode="singleTask"
230-->[com.google.firebase:firebase-auth:22.1.0] AndroidManifest.xml:51:13-44
231            android:theme="@android:style/Theme.Translucent.NoTitleBar" >
231-->[com.google.firebase:firebase-auth:22.1.0] AndroidManifest.xml:52:13-72
232            <intent-filter>
232-->[com.google.firebase:firebase-auth:22.1.0] AndroidManifest.xml:53:13-63:29
233                <action android:name="android.intent.action.VIEW" />
233-->[com.google.firebase:firebase-auth:22.1.0] AndroidManifest.xml:36:17-69
233-->[com.google.firebase:firebase-auth:22.1.0] AndroidManifest.xml:36:25-66
234
235                <category android:name="android.intent.category.DEFAULT" />
235-->[com.google.firebase:firebase-auth:22.1.0] AndroidManifest.xml:38:17-76
235-->[com.google.firebase:firebase-auth:22.1.0] AndroidManifest.xml:38:27-73
236                <category android:name="android.intent.category.BROWSABLE" />
236-->[com.google.firebase:firebase-auth:22.1.0] AndroidManifest.xml:39:17-78
236-->[com.google.firebase:firebase-auth:22.1.0] AndroidManifest.xml:39:27-75
237
238                <data
238-->[:file_picker] AndroidManifest.xml:15:13-44
239                    android:host="firebase.auth"
240                    android:path="/"
241                    android:scheme="recaptcha" />
242            </intent-filter>
243        </activity> <!-- Needs to be explicitly declared on P+ -->
244        <uses-library
244-->[com.google.android.gms:play-services-maps:18.1.0] AndroidManifest.xml:39:9-41:40
245            android:name="org.apache.http.legacy"
245-->[com.google.android.gms:play-services-maps:18.1.0] AndroidManifest.xml:40:13-50
246            android:required="false" />
246-->[com.google.android.gms:play-services-maps:18.1.0] AndroidManifest.xml:41:13-37
247
248        <activity
248-->[com.google.android.gms:play-services-auth:20.6.0] AndroidManifest.xml:23:9-27:75
249            android:name="com.google.android.gms.auth.api.signin.internal.SignInHubActivity"
249-->[com.google.android.gms:play-services-auth:20.6.0] AndroidManifest.xml:24:13-93
250            android:excludeFromRecents="true"
250-->[com.google.android.gms:play-services-auth:20.6.0] AndroidManifest.xml:25:13-46
251            android:exported="false"
251-->[com.google.android.gms:play-services-auth:20.6.0] AndroidManifest.xml:26:13-37
252            android:theme="@android:style/Theme.Translucent.NoTitleBar" />
252-->[com.google.android.gms:play-services-auth:20.6.0] AndroidManifest.xml:27:13-72
253        <!--
254            Service handling Google Sign-In user revocation. For apps that do not integrate with
255            Google Sign-In, this service will never be started.
256        -->
257        <service
257-->[com.google.android.gms:play-services-auth:20.6.0] AndroidManifest.xml:33:9-37:51
258            android:name="com.google.android.gms.auth.api.signin.RevocationBoundService"
258-->[com.google.android.gms:play-services-auth:20.6.0] AndroidManifest.xml:34:13-89
259            android:exported="true"
259-->[com.google.android.gms:play-services-auth:20.6.0] AndroidManifest.xml:35:13-36
260            android:permission="com.google.android.gms.auth.api.signin.permission.REVOCATION_NOTIFICATION"
260-->[com.google.android.gms:play-services-auth:20.6.0] AndroidManifest.xml:36:13-107
261            android:visibleToInstantApps="true" />
261-->[com.google.android.gms:play-services-auth:20.6.0] AndroidManifest.xml:37:13-48
262
263        <receiver
263-->[com.google.firebase:firebase-messaging:23.2.0] AndroidManifest.xml:31:9-38:20
264            android:name="com.google.firebase.iid.FirebaseInstanceIdReceiver"
264-->[com.google.firebase:firebase-messaging:23.2.0] AndroidManifest.xml:32:13-78
265            android:exported="true"
265-->[com.google.firebase:firebase-messaging:23.2.0] AndroidManifest.xml:33:13-36
266            android:permission="com.google.android.c2dm.permission.SEND" >
266-->[com.google.firebase:firebase-messaging:23.2.0] AndroidManifest.xml:34:13-73
267            <intent-filter>
267-->[:firebase_messaging] AndroidManifest.xml:32:13-34:29
268                <action android:name="com.google.android.c2dm.intent.RECEIVE" />
268-->[:firebase_messaging] AndroidManifest.xml:33:17-81
268-->[:firebase_messaging] AndroidManifest.xml:33:25-78
269            </intent-filter>
270        </receiver>
271        <!--
272             FirebaseMessagingService performs security checks at runtime,
273             but set to not exported to explicitly avoid allowing another app to call it.
274        -->
275        <service
275-->[com.google.firebase:firebase-messaging:23.2.0] AndroidManifest.xml:44:9-51:19
276            android:name="com.google.firebase.messaging.FirebaseMessagingService"
276-->[com.google.firebase:firebase-messaging:23.2.0] AndroidManifest.xml:45:13-82
277            android:directBootAware="true"
277-->[com.google.firebase:firebase-messaging:23.2.0] AndroidManifest.xml:46:13-43
278            android:exported="false" >
278-->[com.google.firebase:firebase-messaging:23.2.0] AndroidManifest.xml:47:13-37
279            <intent-filter android:priority="-500" >
279-->[:firebase_messaging] AndroidManifest.xml:23:13-25:29
280                <action android:name="com.google.firebase.MESSAGING_EVENT" />
280-->[:firebase_messaging] AndroidManifest.xml:24:17-78
280-->[:firebase_messaging] AndroidManifest.xml:24:25-75
281            </intent-filter>
282        </service>
283
284        <provider
284-->[com.google.firebase:firebase-common:20.3.3] AndroidManifest.xml:25:9-30:39
285            android:name="com.google.firebase.provider.FirebaseInitProvider"
285-->[com.google.firebase:firebase-common:20.3.3] AndroidManifest.xml:26:13-77
286            android:authorities="com.example.app_auth.firebaseinitprovider"
286-->[com.google.firebase:firebase-common:20.3.3] AndroidManifest.xml:27:13-72
287            android:directBootAware="true"
287-->[com.google.firebase:firebase-common:20.3.3] AndroidManifest.xml:28:13-43
288            android:exported="false"
288-->[com.google.firebase:firebase-common:20.3.3] AndroidManifest.xml:29:13-37
289            android:initOrder="100" />
289-->[com.google.firebase:firebase-common:20.3.3] AndroidManifest.xml:30:13-36
290
291        <activity
291-->[com.google.android.gms:play-services-base:18.1.0] AndroidManifest.xml:20:9-22:45
292            android:name="com.google.android.gms.common.api.GoogleApiActivity"
292-->[com.google.android.gms:play-services-base:18.1.0] AndroidManifest.xml:20:19-85
293            android:exported="false"
293-->[com.google.android.gms:play-services-base:18.1.0] AndroidManifest.xml:22:19-43
294            android:theme="@android:style/Theme.Translucent.NoTitleBar" />
294-->[com.google.android.gms:play-services-base:18.1.0] AndroidManifest.xml:21:19-78
295
296        <meta-data
296-->[com.google.android.gms:play-services-basement:18.2.0] AndroidManifest.xml:21:9-23:69
297            android:name="com.google.android.gms.version"
297-->[com.google.android.gms:play-services-basement:18.2.0] AndroidManifest.xml:22:13-58
298            android:value="@integer/google_play_services_version" />
298-->[com.google.android.gms:play-services-basement:18.2.0] AndroidManifest.xml:23:13-66
299
300        <uses-library
300-->[androidx.window:window:1.0.0-beta04] AndroidManifest.xml:25:9-27:40
301            android:name="androidx.window.extensions"
301-->[androidx.window:window:1.0.0-beta04] AndroidManifest.xml:26:13-54
302            android:required="false" />